{"uuid":"1c233e17-dffa-4c61-90ea-0e6a2b26f015","historyId":"45da9b2028389f00f84e6ba23043cdd7","fullName":"tests.AllTestClass.testSimpleFormMessage","labels":[{"name":"package","value":"tests.AllTestClass"},{"name":"testClass","value":"tests.AllTestClass"},{"name":"testMethod","value":"testSimpleFormMessage"},{"name":"parentSuite","value":"Parallel Lambda Suite"},{"name":"suite","value":"Chrome on Windows"},{"name":"subSuite","value":"tests.AllTestClass"},{"name":"host","value":"YubUddin"},{"name":"thread","value":"21800@YubUddin.TestNG-tests-1(29)"},{"name":"framework","value":"testng"},{"name":"language","value":"java"},{"name":"story","value":"User enters a message and verifies the output"},{"name":"feature","value":"Slider Test"},{"name":"epic","value":"LambdaTest Playground"},{"name":"severity","value":"critical"}],"links":[],"name":"Test Scenario 1: Simple Form Demo Test","status":"skipped","statusDetails":{"known":false,"muted":false,"flaky":false,"message":"Could not start a new session. Unable to parse remote response: <!DOCTYPE HTML PUBLIC \"-//W3C//DTD HTML 4.01 Transitional//EN\" \"http://www.w3.org/TR/html4/loose.dtd\">\n<HTML><HEAD><META HTTP-EQUIV=\"Content-Type\" CONTENT=\"text/html; charset=iso-8859-1\">\n<TITLE>ERROR: The request could not be satisfied</TITLE>\n</HEAD><BODY>\n<H1>403 ERROR</H1>\n<H2>The request could not be satisfied.</H2>\n<HR noshade size=\"1px\">\nThis distribution is not configured to allow the HTTP request method that was used for this request. The distribution supports only cachable requests.\nWe can't connect to the server for this app or website at this time. There might be too much traffic or a configuration error. Try again later, or contact the app or website owner.\n<BR clear=\"all\">\nIf you provide content to customers through CloudFront, you can find steps to troubleshoot and help prevent this error by reviewing the CloudFront documentation.\n<BR clear=\"all\">\n<HR noshade size=\"1px\">\n<PRE>\nGenerated by cloudfront (CloudFront)\nRequest ID: xnirgFMAQpEIARaLmtGVobUSo_wCEMxq0LArZvYUeAsZsTiXs9sztg==\n</PRE>\n<ADDRESS>\n</ADDRESS>\n</BODY></HTML> \nHost info: host: 'YUBUDDIN', ip: '192.168.86.40'","trace":"org.openqa.selenium.SessionNotCreatedException: Could not start a new session. Unable to parse remote response: <!DOCTYPE HTML PUBLIC \"-//W3C//DTD HTML 4.01 Transitional//EN\" \"http://www.w3.org/TR/html4/loose.dtd\">\n<HTML><HEAD><META HTTP-EQUIV=\"Content-Type\" CONTENT=\"text/html; charset=iso-8859-1\">\n<TITLE>ERROR: The request could not be satisfied</TITLE>\n</HEAD><BODY>\n<H1>403 ERROR</H1>\n<H2>The request could not be satisfied.</H2>\n<HR noshade size=\"1px\">\nThis distribution is not configured to allow the HTTP request method that was used for this request. The distribution supports only cachable requests.\nWe can't connect to the server for this app or website at this time. There might be too much traffic or a configuration error. Try again later, or contact the app or website owner.\n<BR clear=\"all\">\nIf you provide content to customers through CloudFront, you can find steps to troubleshoot and help prevent this error by reviewing the CloudFront documentation.\n<BR clear=\"all\">\n<HR noshade size=\"1px\">\n<PRE>\nGenerated by cloudfront (CloudFront)\nRequest ID: xnirgFMAQpEIARaLmtGVobUSo_wCEMxq0LArZvYUeAsZsTiXs9sztg==\n</PRE>\n<ADDRESS>\n</ADDRESS>\n</BODY></HTML> \nHost info: host: 'YUBUDDIN', ip: '192.168.86.40'\r\n\tat org.openqa.selenium.remote.ProtocolHandshake.createSession(ProtocolHandshake.java:100)\r\n\tat org.openqa.selenium.remote.ProtocolHandshake.createSession(ProtocolHandshake.java:75)\r\n\tat org.openqa.selenium.remote.ProtocolHandshake.createSession(ProtocolHandshake.java:61)\r\n\tat org.openqa.selenium.remote.HttpCommandExecutor.execute(HttpCommandExecutor.java:187)\r\n\tat org.openqa.selenium.remote.TracedCommandExecutor.execute(TracedCommandExecutor.java:53)\r\n\tat org.openqa.selenium.remote.RemoteWebDriver.execute(RemoteWebDriver.java:545)\r\n\tat org.openqa.selenium.remote.RemoteWebDriver.startSession(RemoteWebDriver.java:245)\r\n\tat org.openqa.selenium.remote.RemoteWebDriver.<init>(RemoteWebDriver.java:174)\r\n\tat org.openqa.selenium.remote.RemoteWebDriver.<init>(RemoteWebDriver.java:152)\r\n\tat base.BaseTest.setUp(BaseTest.java:34)\r\n\tat java.base/jdk.internal.reflect.DirectMethodHandleAccessor.invoke(DirectMethodHandleAccessor.java:104)\r\n\tat java.base/java.lang.reflect.Method.invoke(Method.java:578)\r\n\tat org.testng.internal.invokers.MethodInvocationHelper.invokeMethod(MethodInvocationHelper.java:141)\r\n\tat org.testng.internal.invokers.MethodInvocationHelper.invokeMethodConsideringTimeout(MethodInvocationHelper.java:71)\r\n\tat org.testng.internal.invokers.ConfigInvoker.invokeConfigurationMethod(ConfigInvoker.java:400)\r\n\tat org.testng.internal.invokers.ConfigInvoker.invokeConfigurations(ConfigInvoker.java:333)\r\n\tat org.testng.internal.invokers.TestInvoker.runConfigMethods(TestInvoker.java:833)\r\n\tat org.testng.internal.invokers.TestInvoker.invokeMethod(TestInvoker.java:600)\r\n\tat org.testng.internal.invokers.TestInvoker.invokeTestMethod(TestInvoker.java:230)\r\n\tat org.testng.internal.invokers.MethodRunner.runInSequence(MethodRunner.java:63)\r\n\tat org.testng.internal.invokers.TestInvoker$MethodInvocationAgent.invoke(TestInvoker.java:992)\r\n\tat org.testng.internal.invokers.TestInvoker.invokeTestMethods(TestInvoker.java:203)\r\n\tat org.testng.internal.invokers.TestMethodWorker.invokeTestMethods(TestMethodWorker.java:154)\r\n\tat org.testng.internal.invokers.TestMethodWorker.run(TestMethodWorker.java:134)\r\n\tat java.base/java.util.ArrayList.forEach(ArrayList.java:1511)\r\n\tat org.testng.TestRunner.privateRun(TestRunner.java:739)\r\n\tat org.testng.TestRunner.run(TestRunner.java:614)\r\n\tat org.testng.SuiteRunner.runTest(SuiteRunner.java:421)\r\n\tat org.testng.SuiteRunner$SuiteWorker.run(SuiteRunner.java:463)\r\n\tat org.testng.internal.thread.ThreadUtil.lambda$execute$0(ThreadUtil.java:64)\r\n\tat java.base/java.util.concurrent.FutureTask.run$$$capture(FutureTask.java:317)\r\n\tat java.base/java.util.concurrent.FutureTask.run(FutureTask.java)\r\n\tat --- Async.Stack.Trace --- (captured by IntelliJ IDEA debugger)\r\n\tat java.base/java.util.concurrent.FutureTask.<init>(FutureTask.java:132)\r\n\tat java.base/java.util.concurrent.AbstractExecutorService.newTaskFor(AbstractExecutorService.java:113)\r\n\tat java.base/java.util.concurrent.AbstractExecutorService.invokeAll(AbstractExecutorService.java:274)\r\n\tat org.testng.internal.thread.ThreadUtil.execute(ThreadUtil.java:70)\r\n\tat org.testng.SuiteRunner.runInParallelTestMode(SuiteRunner.java:442)\r\n\tat org.testng.SuiteRunner.privateRun(SuiteRunner.java:371)\r\n\tat org.testng.SuiteRunner.run(SuiteRunner.java:312)\r\n\tat org.testng.SuiteRunnerWorker.runSuite(SuiteRunnerWorker.java:52)\r\n\tat org.testng.SuiteRunnerWorker.run(SuiteRunnerWorker.java:95)\r\n\tat org.testng.TestNG.runSuitesSequentially(TestNG.java:1274)\r\n\tat org.testng.TestNG.runSuitesLocally(TestNG.java:1208)\r\n\tat org.testng.TestNG.runSuites(TestNG.java:1112)\r\n\tat org.testng.TestNG.run(TestNG.java:1079)\r\n\tat com.intellij.rt.testng.IDEARemoteTestNG.run(IDEARemoteTestNG.java:65)\r\n\tat com.intellij.rt.testng.RemoteTestNGStarter.main(RemoteTestNGStarter.java:105)\r\nCaused by: org.openqa.selenium.json.JsonException: Unable to parse: <!DOCTYPE HTML PUBLIC \"-//W3C//DTD HTML 4.01 Transitional//EN\" \"http://www.w3.org/TR/html4/loose.dtd\">\n<HTML><HEAD><META HTTP-EQUIV=\"Content-Type\" CONTENT=\"text/html; charset=iso-8859-1\">\n<TITLE>ERROR: The request could not be satisfied</TITLE>\n</HEAD><BODY>\n<H1>403 ERROR</H1>\n<H2>The request could not be satisfied.</H2>\n<HR noshade size=\"1px\">\nThis distribution is not configured to allow the HTTP request method that was used for this request. The distribution supports only cachable requests.\nWe can't connect to the server for this app or website at this time. There might be too much traffic or a configuration error. Try again later, or contact the app or website owner.\n<BR clear=\"all\">\nIf you provide content to customers through CloudFront, you can find steps to troubleshoot and help prevent this error by reviewing the CloudFront documentation.\n<BR clear=\"all\">\n<HR noshade size=\"1px\">\n<PRE>\nGenerated by cloudfront (CloudFront)\nRequest ID: xnirgFMAQpEIARaLmtGVobUSo_wCEMxq0LArZvYUeAsZsTiXs9sztg==\n</PRE>\n<ADDRESS>\n</ADDRESS>\n</BODY></HTML>\r\n\tat org.openqa.selenium.json.Json.toType(Json.java:169)\r\n\tat org.openqa.selenium.json.Json.toType(Json.java:152)\r\n\tat org.openqa.selenium.remote.ProtocolHandshake.createSession(ProtocolHandshake.java:96)\r\n\t... 47 more\r\nCaused by: org.openqa.selenium.json.JsonException: Unable to determine type from: <. Last 1 characters read: <, next 128 characters to read: !DOCTYPE HTML PUBLIC \"-//W3C//DTD HTML 4.01 Transitional//EN\" \"http://www.w3.org/TR/html4/loose.dtd\">\n<HTML><HEAD><META HTTP-EQU\nBuild info: version: '4.32.0', revision: 'd17c8aa950'\nSystem info: os.name: 'Windows 10', os.arch: 'amd64', os.version: '10.0', java.version: '19.0.2'\nDriver info: driver.version: RemoteWebDriver\r\n\tat org.openqa.selenium.json.JsonInput.peek(JsonInput.java:166)\r\n\tat org.openqa.selenium.json.JsonTypeCoercer.lambda$buildCoercer$6(JsonTypeCoercer.java:167)\r\n\tat org.openqa.selenium.json.JsonTypeCoercer.coerce(JsonTypeCoercer.java:146)\r\n\tat org.openqa.selenium.json.Json.toType(Json.java:206)\r\n\tat org.openqa.selenium.json.Json.toType(Json.java:167)\r\n\t... 49 more\r\n"},"stage":"finished","description":"This test navigates to the Simple Form Demo, inputs a message, and verifies the same is displayed.","steps":[],"attachments":[],"parameters":[{"name":"version","value":"latest"},{"name":"platform","value":"Windows 10"},{"name":"browser","value":"chrome"}],"start":1750892098468,"stop":1750892098475}