{"uuid":"d6016749-a3aa-4ec6-ba25-1b01d8623202","historyId":"cfaa2a1f58d2ceb1fc72ff32689dc225","fullName":"tests.AllTestClass.testInputFormSubmission","labels":[{"name":"package","value":"tests.AllTestClass"},{"name":"testClass","value":"tests.AllTestClass"},{"name":"testMethod","value":"testInputFormSubmission"},{"name":"parentSuite","value":"Parallel Lambda Suite"},{"name":"suite","value":"Chrome on Windows"},{"name":"subSuite","value":"tests.AllTestClass"},{"name":"host","value":"YubUddin"},{"name":"thread","value":"35272@YubUddin.TestNG-tests-1(29)"},{"name":"framework","value":"testng"},{"name":"language","value":"java"},{"name":"feature","value":"Slider Test"},{"name":"epic","value":"LambdaTest Playground"}],"links":[],"name":"Test Scenario 3: Input Form Submit Test","status":"skipped","statusDetails":{"known":false,"muted":false,"flaky":false,"message":"java.net.URISyntaxException: Illegal character in authority at index 8: https://<username>:<access_key>@hub.lambdatest.com/wd/hub","trace":"java.lang.RuntimeException: java.net.URISyntaxException: Illegal character in authority at index 8: https://<username>:<access_key>@hub.lambdatest.com/wd/hub\r\n\tat org.openqa.selenium.remote.http.ClientConfig.baseUrl(ClientConfig.java:93)\r\n\tat org.openqa.selenium.remote.RemoteWebDriver.createExecutor(RemoteWebDriver.java:195)\r\n\tat org.openqa.selenium.remote.RemoteWebDriver.<init>(RemoteWebDriver.java:153)\r\n\tat base.BaseTest.setUp(BaseTest.java:28)\r\n\tat java.base/jdk.internal.reflect.DirectMethodHandleAccessor.invoke(DirectMethodHandleAccessor.java:104)\r\n\tat java.base/java.lang.reflect.Method.invoke(Method.java:578)\r\n\tat org.testng.internal.invokers.MethodInvocationHelper.invokeMethod(MethodInvocationHelper.java:141)\r\n\tat org.testng.internal.invokers.MethodInvocationHelper.invokeMethodConsideringTimeout(MethodInvocationHelper.java:71)\r\n\tat org.testng.internal.invokers.ConfigInvoker.invokeConfigurationMethod(ConfigInvoker.java:400)\r\n\tat org.testng.internal.invokers.ConfigInvoker.invokeConfigurations(ConfigInvoker.java:333)\r\n\tat org.testng.internal.invokers.TestInvoker.runConfigMethods(TestInvoker.java:833)\r\n\tat org.testng.internal.invokers.TestInvoker.invokeMethod(TestInvoker.java:600)\r\n\tat org.testng.internal.invokers.TestInvoker.invokeTestMethod(TestInvoker.java:230)\r\n\tat org.testng.internal.invokers.MethodRunner.runInSequence(MethodRunner.java:63)\r\n\tat org.testng.internal.invokers.TestInvoker$MethodInvocationAgent.invoke(TestInvoker.java:992)\r\n\tat org.testng.internal.invokers.TestInvoker.invokeTestMethods(TestInvoker.java:203)\r\n\tat org.testng.internal.invokers.TestMethodWorker.invokeTestMethods(TestMethodWorker.java:154)\r\n\tat org.testng.internal.invokers.TestMethodWorker.run(TestMethodWorker.java:134)\r\n\tat java.base/java.util.ArrayList.forEach(ArrayList.java:1511)\r\n\tat org.testng.TestRunner.privateRun(TestRunner.java:739)\r\n\tat org.testng.TestRunner.run(TestRunner.java:614)\r\n\tat org.testng.SuiteRunner.runTest(SuiteRunner.java:421)\r\n\tat org.testng.SuiteRunner$SuiteWorker.run(SuiteRunner.java:463)\r\n\tat org.testng.internal.thread.ThreadUtil.lambda$execute$0(ThreadUtil.java:64)\r\n\tat java.base/java.util.concurrent.FutureTask.run$$$capture(FutureTask.java:317)\r\n\tat java.base/java.util.concurrent.FutureTask.run(FutureTask.java)\r\n\tat --- Async.Stack.Trace --- (captured by IntelliJ IDEA debugger)\r\n\tat java.base/java.util.concurrent.FutureTask.<init>(FutureTask.java:132)\r\n\tat java.base/java.util.concurrent.AbstractExecutorService.newTaskFor(AbstractExecutorService.java:113)\r\n\tat java.base/java.util.concurrent.AbstractExecutorService.invokeAll(AbstractExecutorService.java:274)\r\n\tat org.testng.internal.thread.ThreadUtil.execute(ThreadUtil.java:70)\r\n\tat org.testng.SuiteRunner.runInParallelTestMode(SuiteRunner.java:442)\r\n\tat org.testng.SuiteRunner.privateRun(SuiteRunner.java:371)\r\n\tat org.testng.SuiteRunner.run(SuiteRunner.java:312)\r\n\tat org.testng.SuiteRunnerWorker.runSuite(SuiteRunnerWorker.java:52)\r\n\tat org.testng.SuiteRunnerWorker.run(SuiteRunnerWorker.java:95)\r\n\tat org.testng.TestNG.runSuitesSequentially(TestNG.java:1274)\r\n\tat org.testng.TestNG.runSuitesLocally(TestNG.java:1208)\r\n\tat org.testng.TestNG.runSuites(TestNG.java:1112)\r\n\tat org.testng.TestNG.run(TestNG.java:1079)\r\n\tat com.intellij.rt.testng.IDEARemoteTestNG.run(IDEARemoteTestNG.java:65)\r\n\tat com.intellij.rt.testng.RemoteTestNGStarter.main(RemoteTestNGStarter.java:105)\r\nCaused by: java.net.URISyntaxException: Illegal character in authority at index 8: https://<username>:<access_key>@hub.lambdatest.com/wd/hub\r\n\tat java.base/java.net.URI$Parser.fail(URI.java:2970)\r\n\tat java.base/java.net.URI$Parser.parseAuthority(URI.java:3304)\r\n\tat java.base/java.net.URI$Parser.parseHierarchical(URI.java:3215)\r\n\tat java.base/java.net.URI$Parser.parse(URI.java:3171)\r\n\tat java.base/java.net.URI.<init>(URI.java:620)\r\n\tat java.base/java.net.URL.toURI(URL.java:1057)\r\n\tat org.openqa.selenium.remote.http.ClientConfig.baseUrl(ClientConfig.java:91)\r\n\t... 41 more\r\n"},"stage":"finished","steps":[],"attachments":[],"parameters":[{"name":"version","value":"latest"},{"name":"platform","value":"Windows 10"},{"name":"browser","value":"chrome"}],"start":1750887440623,"stop":1750887440687}